jg3862
*   41c78b5 9th commit (5th on master)
|\  
| *   ca489cb 6th commit (2nd on bottom)
| |\  
| * | 1b7f34f 5th commit (1st on bottom)
* | |   1e95ca5 8th commit (4th on master)
|\ \ \  
| | |/  
| |/|   
| * |   b8e9c88 4th commit (2nd on goright)
| |\ \  
| | |/  
| |/|   
| * | 7748601 3rd commit (1st on goright)
* | | 239df1e 7th commit (3rd on master)
| |/  
|/|   
* | e6f3f02 2nd commit (2nd on master)
|/  
* 4da7089 1st commit (1st on master)
nz658
*   6ccc48e 9th commit, 3rd on 2nd_branch
|\  
| *   b01ddd4 8th commit, 3rd on 1st_branch
| |\  
| | * b7abb48 7th commit, 3rd on master
* | |   d78ccb7 6th commit, 2nd on 2nd_branch
|\ \ \  
| |/ /  
| * |   bad93b7 5th commit, 2nd on 1st_branch
| |\ \  
| | |/  
| | * 7a128a6 2nd commit, 2nd commit on master
* | | e2ecf11 4th commit, 1st on 2nd_branch
|/ /  
* | b50a82e 3rd commit, 1st on 1st_branch
|/  
* 61d545f 1st commit, 1st commit on master
